('2018/11/01', '00:20:18', 1.7, 'MLr_3', 10L, 6.757, 2.47, -73.118, 2.47, 147.0, 2.8, 0.28, 'manual', 'SGC', 'Dmartinez@proc3', 'SGC2018vjlp', '2019/08/28 15:11:47', 'Los Santos - Santander, Colombia')
('2018/11/01', '00:46:47', 0.5, 'MLr', 13L, 8.441, 1.2, -73.606, 1.2, 100.0, 1.4, 0.17, 'manual', 'SGC', 'kvallejo@proc1', 'SGC22018vjpox', '2019/08/30 02:51:56', 'Aguachica - Cesar, Colombia')
('2018/11/01', '00:59:27', 0.6, 'MLr', 11L, 7.069, 1.91, -73.432, 1.91, 110.0, 2.2, 0.18, 'manual', 'SGC', 'kvallejo@proc1', 'SGC22018vjpzt', '2019/08/30 02:37:33', 'Betulia - Santander, Colombia')
('2018/11/01', '01:03:04', 1.3, 'MLr_2', 12L, 6.06, 1.98, -73.965, 1.98, 93.0, 3.6, 0.33, 'manual', 'SGC', 'Dmartinez@proc3', 'SGC2018vjna', '2019/08/28 15:11:47', 'Sucre - Santander, Colombia')
('2018/11/01', '01:56:18', 2.3, 'MLr_3', 55L, 6.812, 0.71, -73.162, 0.71, 144.0, 1.4, 0.4, 'manual', 'SGC', 'Dmartinez@proc3', 'SGC2018vjot', '2019/08/28 15:11:51', 'Los Santos - Santander, Colombia')
('2018/11/01', '03:11:41', 1.0, 'MLr', 19L, 6.408, 1.63, -73.536, 1.63, 116.0, 3.3, 0.41, 'manual', 'SGC', 'kvallejo@proc1', 'SGC2018vjrg', '2019/08/30 02:15:41', 'Santa Helena del Op\xc3\xb3n - Santander, Colombia')
('2018/11/01', '03:21:38', 1.8, 'MLr_3', 28L, 6.786, 1.7, -73.102, 1.7, 148.0, 2.5, 0.52, 'manual', 'SGC', 'Dmartinez@proc3', 'SGC2018vjrp', '2019/08/28 15:11:55', 'Los Santos - Santander, Colombia')
('2018/11/01', '04:40:16', 2.4, 'MLr_3', 61L, 6.817, 1.06, -73.116, 1.06, 142.0, 2.1, 0.66, 'manual', 'SGC', 'mcubillos@proc3', 'SGC2018vjue', '2019/08/28 15:11:57', 'Los Santos - Santander, Colombia')
('2018/11/01', '04:40:17', 1.9, 'MLr', 10L, 6.972, 4.84, -73.873, 7.98, 5.0, None, 1.47, 'automatic', 'SGC', 'scanloc', 'SGC22018vjue', '2018/11/01 04:41:35', 'Barrancabermeja - Santander, Colombia')
('2018/11/01', '04:42:34', 1.6, 'MLr_3', 14L, 6.795, 2.26, -73.18, 2.26, 147.0, 3.1, 0.39, 'manual', 'SGC', 'mcubillos@proc3', 'SGC2018vjug', '2019/08/28 15:12:00', 'Los Santos - Santander, Colombia')
('2018/11/01', '04:44:31', 0.9, 'MLr_2', 25L, 6.856, 0.71, -73.82, 0.71, 92.0, 1.8, 0.27, 'manual', 'SGC', 'kvallejo@proc1', 'SGC2018vjui', '2019/08/30 01:52:08', 'Simacota - Santander, Colombia')
('2018/11/01', '05:19:03', 1.5, 'MLr_4', 25L, 9.378, 1.48, -73.015, 1.48, 126.0, 2.5, 0.33, 'manual', 'SGC', 'kvallejo@proc1', 'SGC2018vjvl', '2019/08/30 01:23:38', 'Norte Colombia')
('2018/11/01', '05:29:11', 1.7, 'MLr_3', 19L, 6.828, 0.92, -73.192, 0.92, 139.0, 1.6, 0.21, 'manual', 'SGC', 'mcubillos@proc3', 'SGC2018vjvu', '2019/08/28 15:12:04', 'Zapatoca - Santander, Colombia')
('2018/11/01', '05:45:04', 1.7, 'MLr_3', 28L, 6.82, 0.99, -73.149, 0.99, 146.0, 1.5, 0.3, 'manual', 'SGC', 'mcubillos@proc3', 'SGC2018vjwi', '2019/08/28 15:12:05', 'Los Santos - Santander, Colombia')
('2018/11/01', '06:48:19', 1.8, 'MLr_3', 19L, 6.768, 1.13, -73.146, 1.13, 145.0, 1.6, 0.26, 'manual', 'SGC', 'mcubillos@proc3', 'SGC2018vjyk', '2019/08/28 15:12:06', 'Los Santos - Santander, Colombia')
('2018/11/01', '06:48:43', 1.6, 'MLr_3', 11L, 6.786, 1.84, -73.166, 1.84, 136.0, 2.9, 0.26, 'manual', 'SGC', 'mcubillos@proc3', 'SGC2018vjyl', '2019/08/28 15:12:07', 'Los Santos - Santander, Colombia')
('2018/11/01', '07:11:33', 1.9, 'MLr_3', 44L, 6.802, 0.85, -73.133, 0.85, 145.0, 1.5, 0.41, 'manual', 'SGC', 'mcubillos@proc3', 'SGC2018vjze', '2019/08/28 15:12:12', 'Los Santos - Santander, Colombia')
('2018/11/01', '07:21:02', 1.4, 'MLr_3', 17L, 6.838, 2.4, -73.183, 2.4, 135.0, 3.3, 0.49, 'manual', 'SGC', 'mcubillos@proc3', 'SGC2018vjzm', '2019/08/28 15:12:14', 'Zapatoca - Santander, Colombia')
('2018/11/01', '07:30:00', 1.7, 'MLr_3', 19L, 6.824, 1.7, -73.185, 1.7, 141.0, 2.3, 0.37, 'manual', 'SGC', 'mcubillos@proc3', 'SGC2018vjzu', '2019/08/28 15:12:15', 'Zapatoca - Santander, Colombia')
('2018/11/01', '07:53:13', 1.5, 'MLr_3', 18L, 6.81, 1.48, -73.176, 1.48, 146.0, 2.0, 0.32, 'manual', 'SGC', 'mcubillos@proc3', 'SGC2018vkao', '2019/08/28 15:12:16', 'Los Santos - Santander, Colombia')
('2018/11/01', '07:54:16', 1.6, 'MLr_3', 16L, 6.808, 0.78, -73.18, 0.78, 143.0, 1.2, 0.16, 'manual', 'SGC', 'mcubillos@proc3', 'SGC2018vkap', '2019/08/28 15:12:17', 'Los Santos - Santander, Colombia')
('2018/11/01', '08:39:38', 1.6, 'MLr_3', 12L, 6.801, 2.19, -73.137, 2.19, 142.0, 1.9, 0.21, 'manual', 'SGC', 'mcubillos@proc3', 'SGC2018vkcc', '2019/08/28 15:12:18', 'Los Santos - Santander, Colombia')
('2018/11/01', '09:07:13', 1.2, 'MLr', 29L, 7.869, 0.64, -73.278, 0.64, 123.0, 1.1, 0.21, 'manual', 'SGC', 'kvallejo@proc1', 'SGC2018vkcz', '2019/08/29 23:30:53', '\xc3\x81brego - Norte de Santander, Colombia')
('2018/11/01', '09:13:11', 1.5, 'MLr_3', 15L, 6.775, 2.69, -73.184, 2.69, 143.0, 3.8, 0.55, 'manual', 'SGC', 'mcubillos@proc3', 'SGC2018vkde', '2019/08/28 15:12:20', 'Los Santos - Santander, Colombia')
('2018/11/01', '09:17:57', 0.7, 'MLr', 11L, 8.114, 1.84, -73.392, 1.84, 109.0, 2.3, 0.23, 'manual', 'SGC', 'kvallejo@proc1', 'SGC22018vkglk', '2019/08/29 22:40:27', 'Oca\xc3\xb1a - Norte de Santander, Colombia')
('2018/11/01', '09:46:09', 2.6, 'MLr_3', 64L, 6.815, 0.64, -73.164, 0.64, 142.0, 1.4, 0.43, 'manual', 'SGC', 'mcubillos@proc3', 'SGC2018vkeg', '2019/08/28 15:12:32', 'Los Santos - Santander, Colombia')
('2018/11/01', '10:05:40', 1.4, 'MLr_3', 11L, 6.106, 2.97, -73.575, 2.97, 109.0, 6.1, 0.55, 'manual', 'SGC', 'Dhernandez@proc1', 'SGC2018vkex', '2019/08/28 15:12:34', 'La Paz - Santander, Colombia')
('2018/11/01', '10:29:44', 1.7, 'MLr_3', 11L, 6.87, 2.76, -73.178, 2.76, 147.0, 2.1, 0.21, 'manual', 'SGC', 'Dhernandez@proc1', 'SGC2018vkfs', '2019/08/28 15:12:35', 'Zapatoca - Santander, Colombia')
('2018/11/01', '11:11:44', 1.9, 'MLr_3', 34L, 6.699, 1.34, -73.622, 1.34, 105.0, 2.7, 0.66, 'manual', 'SGC', 'mcubillos@proc3', 'SGC2018vkhc', '2019/08/28 15:12:38', 'El Carmen - Santander, Colombia')
('2018/11/01', '11:38:29', 1.9, 'MLr_3', 23L, 6.771, 2.97, -73.184, 2.97, 142.0, 3.4, 0.67, 'manual', 'SGC', 'Dhernandez@proc1', 'SGC2018vkhz', '2019/08/28 15:12:39', 'Los Santos - Santander, Colombia')
('2018/11/01', '11:56:46', 2.0, 'MLr_3', 27L, 6.809, 2.33, -73.112, 2.33, 142.0, 2.5, 0.56, 'manual', 'SGC', 'Dhernandez@proc1', 'SGC2018vkio', '2019/08/28 15:12:41', 'Los Santos - Santander, Colombia')
('2018/11/01', '14:12:44', 1.8, 'M_MLr', 23L, 7.402, 1.77, -73.236, 1.77, 130.0, 2.8, 0.51, 'manual', 'SGC', 'kvallejo@proc1', 'SGC2018vknb', '2019/08/29 21:09:20', 'Rionegro - Santander, Colombia')
('2018/11/01', '14:40:51', 1.7, 'MLr_3', 9L, 6.832, 4.53, -73.173, 4.53, 147.0, 5.1, 0.44, 'manual', 'SGC', 'lperez@proc3', 'SGC2018vknz', '2019/08/28 15:12:43', 'Los Santos - Santander, Colombia')
('2018/11/01', '14:47:58', 0.9, 'MLr', 9L, 8.083, 2.62, -73.296, 2.62, 126.0, 3.2, 0.24, 'manual', 'SGC', 'kvallejo@proc1', 'SGC22018vkrin', '2019/08/29 20:39:36', '\xc3\x81brego - Norte de Santander, Colombia')
('2018/11/01', '15:18:15', 2.8, 'MLr_3', 66L, 6.815, 0.99, -73.127, 0.99, 148.0, 2.2, 0.74, 'manual', 'SGC', 'lperez@proc3', 'SGC2018vkpf', '2019/08/28 15:12:55', 'Los Santos - Santander, Colombia')
('2018/11/01', '16:37:34', 1.6, 'MLr_3', 12L, 6.788, 1.91, -73.14, 1.91, 135.0, 2.9, 0.3, 'manual', 'SGC', 'lperez@proc3', 'SGC2018vkrv', '2019/08/28 15:12:57', 'Los Santos - Santander, Colombia')
('2018/11/01', '17:26:49', 2.6, 'M', 8L, 9.542, 13.58, -73.556, 13.58, 51.0, 8.5, 0.54, 'automatic', 'SGC', 'scanloc_b', 'SGC22018vktm', '2018/11/01 17:28:23', 'Chiriguan\xc3\xa1 - Cesar, Colombia')
('2018/11/01', '17:56:10', 2.2, 'MLr_3', 40L, 6.822, 1.2, -73.114, 1.2, 145.0, 2.4, 0.57, 'manual', 'SGC', 'lperez@proc3', 'SGC2018vkul', '2019/08/28 15:13:07', 'Los Santos - Santander, Colombia')
('2018/11/01', '17:59:41', 1.5, 'M', 10L, 9.64, 3.61, -73.427, 3.61, 6.0, 9.0, 0.75, 'automatic', 'SGC', 'scanloc_b', 'SGC22018vkuo', '2018/11/01 18:00:20', 'La Jagua de Ibirico - Cesar, Colombia')
('2018/11/01', '20:04:30', 1.8, 'MLr_3', 9L, 6.89, 3.61, -73.129, 3.61, 144.0, 3.9, 0.34, 'manual', 'SGC', 'lperez@proc3', 'SGC2018vkyr', '2019/08/28 15:13:12', 'Los Santos - Santander, Colombia')
('2018/11/01', '23:26:29', 1.3, 'M_MLr', 23L, 6.871, 1.2, -73.367, 1.2, 130.0, 1.8, 0.33, 'manual', 'SGC', 'kvallejo@proc1', 'SGC2018vlfi', '2019/08/28 17:55:40', 'San Vicente de Chucur\xc3\xad - Santander, Colombia')
('2018/11/02', '00:45:50', 2.0, 'MLr_3', 33L, 6.823, 0.71, -73.14, 0.71, 143.0, 1.5, 0.32, 'manual', 'SGC', 'Dmartinez@proc3', 'SGC2018vlhy', '2019/08/28 15:13:13', 'Los Santos - Santander, Colombia')
('2018/11/02', '00:58:04', 2.0, 'MLr_3', 26L, 6.835, 1.63, -73.151, 1.63, 143.0, 2.5, 0.47, 'manual', 'SGC', 'Dmartinez@proc3', 'SGC2018vlij', '2019/08/28 15:13:15', 'Los Santos - Santander, Colombia')
('2018/11/02', '03:42:34', 1.7, 'MLr_3', 13L, 6.799, 4.53, -73.118, 4.53, 143.0, 6.5, 0.81, 'manual', 'SGC', 'Dmartinez@proc3', 'SGC2018vlnu', '2019/08/28 15:13:16', 'Los Santos - Santander, Colombia')
('2018/11/02', '04:16:45', 1.7, 'MLr_3', 19L, 6.782, 1.63, -73.113, 1.63, 138.0, 2.4, 0.35, 'manual', 'SGC', 'Dhernandez@proc3', 'SGC2018vlox', '2019/08/28 15:13:17', 'Los Santos - Santander, Colombia')
('2018/11/02', '04:28:34', 2.3, 'MLr_3', 59L, 6.826, 0.85, -73.147, 0.85, 145.0, 1.8, 0.52, 'manual', 'SGC', 'Dhernandez@proc3', 'SGC2018vlph', '2019/08/28 15:13:23', 'Los Santos - Santander, Colombia')
('2018/11/02', '04:33:20', 1.8, 'MLr_2', 65L, 6.754, 0.92, -73.528, 0.92, 107.0, 1.7, 0.53, 'manual', 'SGC', 'kvallejo@proc1', 'SGC2018vlpl', '2019/08/30 21:00:13', 'El Carmen - Santander, Colombia')
('2018/11/02', '04:53:41', 1.9, 'MLr_3', 19L, 6.866, 2.83, -73.212, 2.83, 149.0, 2.6, 0.41, 'manual', 'SGC', 'Dhernandez@proc3', 'SGC2018vlqd', '2019/08/28 15:13:32', 'Zapatoca - Santander, Colombia')
('2018/11/02', '04:54:49', 1.9, 'MLr_3', 25L, 6.808, 1.56, -73.159, 1.56, 145.0, 1.8, 0.35, 'manual', 'SGC', 'Dhernandez@proc3', 'SGC2018vlqe', '2019/08/28 15:13:34', 'Los Santos - Santander, Colombia')
('2018/11/02', '05:36:46', 1.7, 'MLr_3', 17L, 6.824, 1.84, -73.166, 1.84, 133.0, 2.7, 0.37, 'manual', 'SGC', 'Dhernandez@proc3', 'SGC2018vlro', '2019/08/28 15:13:35', 'Los Santos - Santander, Colombia')
('2018/11/02', '06:27:47', 1.7, 'MLr_2', 24L, 6.806, 1.77, -73.124, 1.77, 133.0, 2.2, 0.37, 'manual', 'SGC', 'Dhernandez@proc3', 'SGC2018vltf', '2019/08/28 15:13:36', 'Los Santos - Santander, Colombia')
('2018/11/02', '08:33:45', 1.0, 'MLr', 31L, 8.765, 1.7, -73.336, 1.7, 128.0, 2.2, 0.41, 'manual', 'SGC', 'kvallejo@proc1', 'SGC2018vlxj', '2019/08/30 19:25:48', 'El Carmen - Norte de Santander, Colombia')
('2018/11/02', '08:38:27', 1.4, 'MLr_4', 9L, 9.344, 4.6, -73.358, 4.6, 112.0, 5.3, 0.49, 'manual', 'SGC', 'Dhernandez@proc3', 'SGC2018vlxn', '2019/08/28 15:13:40', 'Curuman\xc3\xad - Cesar, Colombia')
('2018/11/02', '08:40:01', 2.3, 'MLr_3', 59L, 6.81, 0.78, -73.138, 0.78, 149.0, 1.4, 0.41, 'manual', 'SGC', 'Dhernandez@proc3', 'SGC2018vlxp', '2019/08/28 15:13:41', 'Los Santos - Santander, Colombia')
('2018/11/02', '09:04:07', 1.7, 'MLr', 7L, 7.007, 7.07, -74.271, 15.73, 5.0, None, 1.57, 'automatic', 'SGC', 'scanloc', 'SGC22018vlyj', '2018/11/02 09:05:15', 'Remedios - Antioquia, Colombia')
('2018/11/02', '09:04:11', 2.4, 'MLr_3', 67L, 6.823, 0.71, -73.168, 0.71, 146.0, 1.3, 0.42, 'manual', 'SGC', 'Dhernandez@proc3', 'SGC2018vlyk', '2019/08/28 15:13:46', 'Los Santos - Santander, Colombia')
('2018/11/02', '09:25:24', 1.8, 'MLr_3', 29L, 6.867, 3.18, -73.162, 3.18, 150.0, 3.4, 0.8, 'manual', 'SGC', 'Dhernandez@proc3', 'SGC2018vlzc', '2019/08/28 15:13:49', 'Los Santos - Santander, Colombia')
('2018/11/02', '09:34:56', 1.0, 'MLr', 27L, 7.302, 1.34, -73.452, 1.34, 104.0, 2.1, 0.36, 'manual', 'SGC', 'kvallejo@proc1', 'SGC2018vlzk', '2019/08/30 18:53:19', 'Sabana de Torres - Santander, Colombia')
('2018/11/02', '09:43:21', 2.0, 'MLr_3', 41L, 6.807, 0.92, -73.158, 0.92, 142.0, 1.6, 0.39, 'manual', 'SGC', 'Dhernandez@proc3', 'SGC2018vlzr', '2019/08/28 15:13:53', 'Los Santos - Santander, Colombia')
('2018/11/02', '10:21:22', 1.6, 'MLr_3', 21L, 6.832, 1.98, -73.134, 1.98, 129.0, 3.6, 0.55, 'manual', 'SGC', 'Dhernandez@proc3', 'SGC2018vmay', '2019/08/28 15:13:55', 'Los Santos - Santander, Colombia')
('2018/11/02', '10:32:58', 1.9, 'MLr_3', 25L, 6.832, 1.63, -73.144, 1.63, 150.0, 2.2, 0.45, 'manual', 'SGC', 'Dhernandez@proc3', 'SGC2018vmbj', '2019/08/28 15:13:57', 'Los Santos - Santander, Colombia')
('2018/11/02', '11:00:30', 1.7, 'MLr_3', 11L, 6.834, 2.69, -73.035, 2.69, 147.0, 1.8, 0.18, 'manual', 'SGC', 'Dhernandez@proc3', 'SGC2018vmcf', '2019/08/28 15:13:58', 'Los Santos - Santander, Colombia')
('2018/11/02', '11:00:51', 1.8, 'MLr_2', 50L, 8.346, 0.92, -74.186, 0.92, 57.0, 3.3, 0.52, 'manual', 'SGC', 'kvallejo@proc1', 'SGC2018vmcg', '2019/08/30 18:25:45', 'Rioviejo - Bol\xc3\xadvar, Colombia')
('2018/11/02', '11:32:15', 1.4, 'MLr_3', 12L, 6.643, 3.89, -73.272, 3.89, 92.0, 6.1, 0.66, 'manual', 'SGC', 'Dhernandez@proc3', 'SGC2018vmdh', '2019/08/28 15:14:01', 'Gal\xc3\xa1n - Santander, Colombia')
('2018/11/02', '11:40:04', 2.0, 'MLr_3', 28L, 6.798, 1.34, -73.14, 1.34, 140.0, 2.0, 0.45, 'manual', 'SGC', 'Dhernandez@proc3', 'SGC2018vmdn', '2019/08/28 15:14:02', 'Los Santos - Santander, Colombia')
('2018/11/02', '12:35:01', 1.3, 'M_MLr', 9L, 6.597, 4.17, -73.402, 4.17, 128.0, 4.9, 0.41, 'manual', 'SGC', 'Dhernandez@proc3', 'SGC2018vmfi', '2019/08/28 15:14:03', 'Hato - Santander, Colombia')
('2018/11/02', '13:15:06', 1.4, 'M_MLr', 11L, 6.884, 1.48, -73.148, 1.48, 141.0, 1.7, 0.16, 'manual', 'SGC', 'Dhernandez@proc3', 'SGC2018vmgr', '2019/08/28 15:14:04', 'Los Santos - Santander, Colombia')
('2018/11/02', '13:52:53', 0.8, 'MLr_2', 19L, 6.987, 0.57, -74.085, 0.57, 2.0, 1.8, 0.3, 'manual', 'SGC', 'kvallejo@proc1', 'SGC2018vmhx', '2019/08/30 17:45:47', 'Yond\xc3\xb3 (Casabe) - Antioquia, Colombia')
('2018/11/02', '14:04:49', 2.3, 'MLr_3', 51L, 6.806, 1.06, -73.139, 1.06, 146.0, 1.9, 0.58, 'manual', 'SGC', 'Dhernandez@proc3', 'SGC2018vmih', '2019/08/28 15:14:08', 'Los Santos - Santander, Colombia')
('2018/11/02', '15:07:58', 1.8, 'MLr_3', 12L, 6.806, 2.9, -73.16, 2.9, 147.0, 2.7, 0.29, 'manual', 'SGC', 'Dhernandez@proc3', 'SGC2018vmkk', '2019/08/28 15:14:10', 'Los Santos - Santander, Colombia')
('2018/11/02', '15:11:48', 2.5, 'MLr_3', 56L, 6.819, 0.99, -73.149, 0.99, 148.0, 1.8, 0.56, 'manual', 'SGC', 'Dhernandez@proc3', 'SGC2018vmkn', '2019/08/28 15:14:13', 'Los Santos - Santander, Colombia')
('2018/11/02', '16:53:31', 2.0, 'MLr_3', 35L, 6.789, 0.99, -73.164, 0.99, 145.0, 1.6, 0.34, 'manual', 'SGC', 'Dhernandez@proc3', 'SGC2018vmnw', '2019/08/28 15:14:16', 'Los Santos - Santander, Colombia')
('2018/11/02', '17:05:49', 1.4, 'MLr_3', 8L, 6.796, 2.47, -73.19, 2.47, 138.0, 3.1, 0.18, 'manual', 'SGC', 'mcubillos@proc3', 'SGC2018vmoh', '2019/08/28 15:14:18', 'Los Santos - Santander, Colombia')
('2018/11/02', '18:30:40', 1.2, 'MLr_3', 9L, 6.52, 5.59, -73.7, 5.59, 112.0, 7.7, 0.45, 'manual', 'SGC', 'mcubillos@proc3', 'SGC2018vmrb', '2019/08/28 15:14:19', 'Simacota - Santander, Colombia')
('2018/11/02', '18:52:21', 1.0, 'MLr_2', 27L, 6.985, 0.71, -74.09, 0.71, 3.0, 2.2, 0.49, 'manual', 'SGC', 'kvallejo@proc1', 'SGC2018vmru', '2019/08/30 17:07:04', 'Yond\xc3\xb3 (Casabe) - Antioquia, Colombia')
('2018/11/02', '19:58:21', 1.7, 'MLr_3', 20L, 6.778, 1.77, -73.173, 1.77, 133.0, 2.9, 0.42, 'manual', 'SGC', 'mcubillos@proc3', 'SGC2018vmtz', '2019/08/28 15:14:21', 'Los Santos - Santander, Colombia')
('2018/11/02', '20:08:20', 1.6, 'MLr_2', 35L, 6.644, 1.56, -73.716, 1.56, 90.0, 3.6, 0.58, 'manual', 'SGC', 'kvallejo@proc1', 'SGC2018vmuh', '2019/08/30 16:44:56', 'El Carmen - Santander, Colombia')
('2018/11/02', '21:56:20', 2.1, 'MLr_3', 33L, 6.857, 1.2, -73.308, 1.2, 119.0, 2.2, 0.49, 'manual', 'SGC', 'mcubillos@proc3', 'SGC2018vmxw', '2019/08/28 15:14:25', 'Zapatoca - Santander, Colombia')
('2018/11/02', '22:19:35', 1.4, 'MLr_3', 9L, 6.845, 4.67, -73.221, 4.67, 138.0, 5.2, 0.42, 'manual', 'SGC', 'mcubillos@proc3', 'SGC2018vmyq', '2019/08/28 15:14:27', 'Zapatoca - Santander, Colombia')
('2018/11/02', '22:35:16', 1.6, 'MLr_3', 13L, 6.784, 2.19, -73.164, 2.19, 144.0, 3.0, 0.38, 'manual', 'SGC', 'mcubillos@proc3', 'SGC2018vmzd', '2019/08/28 15:14:28', 'Los Santos - Santander, Colombia')
